C:\USERS\INFERNO\DOCUMENTS\CPSC585\CPSC-585-GAME-PROJECT\CPSC585\CPSC585\DEBUG\AI.OBJ
C:\Users\INFERNO\Documents\CPSC585\CPSC-585-Game-Project\cpsc585\cpsc585\Debug\cl.command.1.tlog
C:\Users\INFERNO\Documents\CPSC585\CPSC-585-Game-Project\cpsc585\cpsc585\Debug\CL.read.1.tlog
C:\Users\INFERNO\Documents\CPSC585\CPSC-585-Game-Project\cpsc585\cpsc585\Debug\CL.write.1.tlog
C:\USERS\INFERNO\DOCUMENTS\CPSC585\CPSC-585-GAME-PROJECT\CPSC585\CPSC585\DEBUG\CPSC585.EXE.INTERMEDIATE.MANIFEST
C:\USERS\INFERNO\DOCUMENTS\CPSC585\CPSC-585-GAME-PROJECT\CPSC585\CPSC585\DEBUG\INPUT.OBJ
C:\Users\INFERNO\Documents\CPSC585\CPSC-585-Game-Project\cpsc585\cpsc585\Debug\link.command.1.tlog
C:\Users\INFERNO\Documents\CPSC585\CPSC-585-Game-Project\cpsc585\cpsc585\Debug\link.read.1.tlog
C:\Users\INFERNO\Documents\CPSC585\CPSC-585-Game-Project\cpsc585\cpsc585\Debug\link.write.1.tlog
C:\USERS\INFERNO\DOCUMENTS\CPSC585\CPSC-585-GAME-PROJECT\CPSC585\CPSC585\DEBUG\MAIN.OBJ
C:\Users\INFERNO\Documents\CPSC585\CPSC-585-Game-Project\cpsc585\cpsc585\Debug\mt.command.1.tlog
C:\Users\INFERNO\Documents\CPSC585\CPSC-585-Game-Project\cpsc585\cpsc585\Debug\mt.read.1.tlog
C:\Users\INFERNO\Documents\CPSC585\CPSC-585-Game-Project\cpsc585\cpsc585\Debug\mt.write.1.tlog
C:\USERS\INFERNO\DOCUMENTS\CPSC585\CPSC-585-GAME-PROJECT\CPSC585\CPSC585\DEBUG\RENDERER.OBJ
C:\USERS\INFERNO\DOCUMENTS\CPSC585\CPSC-585-GAME-PROJECT\CPSC585\CPSC585\DEBUG\SOUND.OBJ
C:\Users\INFERNO\Documents\CPSC585\CPSC-585-Game-Project\cpsc585\cpsc585\Debug\vc100.idb
C:\USERS\INFERNO\DOCUMENTS\CPSC585\CPSC-585-GAME-PROJECT\CPSC585\CPSC585\DEBUG\VC100.PDB
C:\USERS\INFERNO\DOCUMENTS\CPSC585\CPSC-585-GAME-PROJECT\CPSC585\DEBUG\CPSC585.EXE
C:\USERS\INFERNO\DOCUMENTS\CPSC585\CPSC-585-GAME-PROJECT\CPSC585\DEBUG\CPSC585.ILK
C:\USERS\INFERNO\DOCUMENTS\CPSC585\CPSC-585-GAME-PROJECT\CPSC585\DEBUG\CPSC585.PDB
